Flow report for system_fpga
Tue Feb 25 16:08:02 2014
Quartus II 32-bit Version 13.0.1 Build 232 06/12/2013 Service Pack 1 SJ Full Version


---------------------
; Table of Contents ;
---------------------
  1. Legal Notice
  2. Flow Summary
  3. Flow Settings
  4. Flow Non-Default Global Settings
  5. Flow Elapsed Time
  6. Flow OS Summary
  7. Flow Log
  8. Flow Messages
  9. Flow Suppressed Messages



----------------
; Legal Notice ;
----------------
Copyright (C) 1991-2013 Altera Corporation
Your use of Altera Corporation's design tools, logic functions 
and other software and tools, and its AMPP partner logic 
functions, and any output files from any of the foregoing 
(including device programming or simulation files), and any 
associated documentation or information are expressly subject 
to the terms and conditions of the Altera Program License 
Subscription Agreement, Altera MegaCore Function License 
Agreement, or other applicable license agreement, including, 
without limitation, that your use is for the sole purpose of 
programming logic devices manufactured by Altera and sold by 
Altera or its authorized distributors.  Please refer to the 
applicable agreement for further details.



+---------------------------------------------------------------------------------------+
; Flow Summary                                                                          ;
+------------------------------------+--------------------------------------------------+
; Flow Status                        ; Successful - Tue Feb 25 16:08:02 2014            ;
; Quartus II 32-bit Version          ; 13.0.1 Build 232 06/12/2013 SP 1 SJ Full Version ;
; Revision Name                      ; system_fpga                                      ;
; Top-level Entity Name              ; system_fpga                                      ;
; Family                             ; Cyclone IV E                                     ;
; Device                             ; EP4CE115F29C8                                    ;
; Timing Models                      ; Final                                            ;
; Total logic elements               ; 3,300 / 114,480 ( 3 % )                          ;
;     Total combinational functions  ; 3,225 / 114,480 ( 3 % )                          ;
;     Dedicated logic registers      ; 1,753 / 114,480 ( 2 % )                          ;
; Total registers                    ; 1754                                             ;
; Total pins                         ; 106 / 529 ( 20 % )                               ;
; Total virtual pins                 ; 0                                                ;
; Total memory bits                  ; 524,288 / 3,981,312 ( 13 % )                     ;
; Embedded Multiplier 9-bit elements ; 0 / 532 ( 0 % )                                  ;
; Total PLLs                         ; 0 / 4 ( 0 % )                                    ;
+------------------------------------+--------------------------------------------------+


+-----------------------------------------+
; Flow Settings                           ;
+-------------------+---------------------+
; Option            ; Setting             ;
+-------------------+---------------------+
; Start date & time ; 02/25/2014 15:32:12 ;
; Main task         ; Compilation         ;
; Revision Name     ; system_fpga         ;
+-------------------+---------------------+


+-------------------------------------------------------------------------------------------------------------------------------------------+
; Flow Non-Default Global Settings                                                                                                          ;
+-------------------------------------+------------------------------------------------------+---------------+-------------+----------------+
; Assignment Name                     ; Value                                                ; Default Value ; Entity Name ; Section Id     ;
+-------------------------------------+------------------------------------------------------+---------------+-------------+----------------+
; COMPILER_SIGNATURE_ID               ; 0.139336033224684                                    ; --            ; --          ; --             ;
; EDA_GENERATE_FUNCTIONAL_NETLIST     ; On                                                   ; --            ; --          ; eda_simulation ;
; EDA_MAINTAIN_DESIGN_HIERARCHY       ; On                                                   ; --            ; --          ; eda_simulation ;
; EDA_OUTPUT_DATA_FORMAT              ; Verilog                                              ; --            ; --          ; eda_simulation ;
; EDA_SIMULATION_TOOL                 ; ModelSim (Verilog)                                   ; <None>        ; --          ; --             ;
; EDA_TIME_SCALE                      ; 1 ps                                                 ; --            ; --          ; eda_simulation ;
; ENABLE_DRC_SETTINGS                 ; On                                                   ; Off           ; --          ; --             ;
; FMAX_REQUIREMENT                    ; 50 MHz                                               ; --            ; --          ; --             ;
; NUM_PARALLEL_PROCESSORS             ; 4                                                    ; --            ; --          ; --             ;
; PARTITION_COLOR                     ; 16764057                                             ; --            ; --          ; Top            ;
; PARTITION_FITTER_PRESERVATION_LEVEL ; PLACEMENT_AND_ROUTING                                ; --            ; --          ; Top            ;
; PARTITION_NETLIST_TYPE              ; SOURCE                                               ; --            ; --          ; Top            ;
; PROJECT_OUTPUT_DIRECTORY            ; /home/ecegrid/a/mg201/ece437/pipelined/._system_fpga ; --            ; --          ; --             ;
; SEARCH_PATH                         ; /home/ecegrid/a/mg201/ece437/pipelined/include       ; --            ; --          ; --             ;
; SMART_RECOMPILE                     ; On                                                   ; Off           ; --          ; --             ;
; TIMEQUEST_DO_REPORT_TIMING          ; On                                                   ; Off           ; --          ; --             ;
; USE_GENERATED_PHYSICAL_CONSTRAINTS  ; Off                                                  ; --            ; --          ; eda_blast_fpga ;
; VERILOG_INPUT_VERSION               ; SystemVerilog_2005                                   ; Verilog_2001  ; --          ; --             ;
; VERILOG_SHOW_LMF_MAPPING_MESSAGES   ; Off                                                  ; --            ; --          ; --             ;
+-------------------------------------+------------------------------------------------------+---------------+-------------+----------------+


+-------------------------------------------------------------------------------------------------------------------------------+
; Flow Elapsed Time                                                                                                             ;
+---------------------------+--------------+-------------------------+---------------------+------------------------------------+
; Module Name               ; Elapsed Time ; Average Processors Used ; Peak Virtual Memory ; Total CPU Time (on all processors) ;
+---------------------------+--------------+-------------------------+---------------------+------------------------------------+
; Analysis & Synthesis      ; 00:00:19     ; 1.0                     ; 446 MB              ; 00:00:13                           ;
; Fitter                    ; 00:00:34     ; 1.8                     ; 830 MB              ; 00:00:44                           ;
; Design Assistant          ; 00:00:03     ; 1.0                     ; 348 MB              ; 00:00:03                           ;
; TimeQuest Timing Analyzer ; 00:00:10     ; 1.0                     ; 493 MB              ; 00:00:08                           ;
; Assembler                 ; 00:00:08     ; 1.0                     ; 364 MB              ; 00:00:07                           ;
; MIF/HEX Update            ; 00:00:02     ; 1.0                     ; 378 MB              ; 00:00:01                           ;
; Assembler                 ; 00:00:07     ; 1.0                     ; 364 MB              ; 00:00:07                           ;
; MIF/HEX Update            ; 00:00:02     ; 1.0                     ; 378 MB              ; 00:00:01                           ;
; Assembler                 ; 00:00:08     ; 1.0                     ; 360 MB              ; 00:00:07                           ;
; Total                     ; 00:01:33     ; --                      ; --                  ; 00:01:31                           ;
+---------------------------+--------------+-------------------------+---------------------+------------------------------------+


+---------------------------------------------------------------------------------------------+
; Flow OS Summary                                                                             ;
+---------------------------+-------------------------+---------+------------+----------------+
; Module Name               ; Machine Hostname        ; OS Name ; OS Version ; Processor type ;
+---------------------------+-------------------------+---------+------------+----------------+
; Analysis & Synthesis      ; cparch04.ecn.purdue.edu ; Red Hat ; 6          ; x86_64         ;
; Fitter                    ; cparch04.ecn.purdue.edu ; Red Hat ; 6          ; x86_64         ;
; Design Assistant          ; cparch04.ecn.purdue.edu ; Red Hat ; 6          ; x86_64         ;
; TimeQuest Timing Analyzer ; cparch04.ecn.purdue.edu ; Red Hat ; 6          ; x86_64         ;
; Assembler                 ; cparch04.ecn.purdue.edu ; Red Hat ; 6          ; x86_64         ;
; MIF/HEX Update            ; cparch04.ecn.purdue.edu ; Red Hat ; 6          ; x86_64         ;
; Assembler                 ; cparch04.ecn.purdue.edu ; Red Hat ; 6          ; x86_64         ;
; MIF/HEX Update            ; cparch04.ecn.purdue.edu ; Red Hat ; 6          ; x86_64         ;
; Assembler                 ; cparch04.ecn.purdue.edu ; Red Hat ; 6          ; x86_64         ;
+---------------------------+-------------------------+---------+------------+----------------+


------------
; Flow Log ;
------------
quartus_map system_fpga -c system_fpga
quartus_fit system_fpga -c system_fpga
quartus_drc system_fpga -c system_fpga
quartus_sta system_fpga -c system_fpga
quartus_asm system_fpga -c system_fpga
quartus_cdb --update_mif system_fpga --rev=system_fpga
quartus_asm system_fpga -c system_fpga
quartus_cdb --update_mif system_fpga --rev=system_fpga
quartus_asm system_fpga -c system_fpga



